Using pre-set license
Built from '2020.3/china_unity/release' branch; Version is '2020.3.21f1c1 (ae728190a658) revision 11432577'; Using compiler version '192528614'; Build Type 'Release'
OS: 'Windows 10 Pro for Workstations; OS build 22489.1000; Version 2009; 64bit' Language: 'zh' Physical Memory: 15741 MB
BatchMode: 1, IsHumanControllingUs: 0, StartBugReporterOnCrash: 0, Is64bit: 1, IsPro: 0

COMMAND LINE ARGUMENTS:
D:\Unity Hub\Editor\2020.3.21f1c1\Editor\Unity.exe
-adb2
-batchMode
-noUpm
-name
AssetImportWorker0
-projectPath
D:/Unity Hub/Unity Project/kancolle
-logFile
Logs/AssetImportWorker0.log
-srvPort
59831
Successfully changed project path to: D:/Unity Hub/Unity Project/kancolle
D:/Unity Hub/Unity Project/kancolle
Using Asset Import Pipeline V2.
AS: AutoStreaming module initializing.Refreshing native plugins compatible for Editor in 72.53 ms, found 3 plugins.
Preloading 0 native plugins for Editor in 0.00 ms.
Initialize engine version: 2020.3.21f1c1 (ae728190a658)
[Subsystems] Discovering subsystems at path D:/Unity Hub/Editor/2020.3.21f1c1/Editor/Data/Resources/UnitySubsystems
[Subsystems] Discovering subsystems at path D:/Unity Hub/Unity Project/kancolle/Assets
GfxDevice: creating device client; threaded=0
Direct3D:
    Version:  Direct3D 11.0 [level 11.1]
    Renderer: NVIDIA GeForce GTX 1650 Ti (ID=0x1f95)
    Vendor:   
    VRAM:     3962 MB
    Driver:   30.0.14.7196
Initialize mono
Mono path[0] = 'D:/Unity Hub/Editor/2020.3.21f1c1/Editor/Data/Managed'
Mono path[1] = 'D:/Unity Hub/Editor/2020.3.21f1c1/Editor/Data/MonoBleedingEdge/lib/mono/unityjit'
Mono config path = 'D:/Unity Hub/Editor/2020.3.21f1c1/Editor/Data/MonoBleedingEdge/etc'
Using monoOptions --debugger-agent=transport=dt_socket,embedding=1,server=y,suspend=n,address=127.0.0.1:56984
Begin MonoManager ReloadAssembly
Registering precompiled unity dll's ...
Register platform support module: D:/Unity Hub/Editor/2020.3.21f1c1/Editor/Data/PlaybackEngines/WindowsStandaloneSupport/UnityEditor.WindowsStandalone.Extensions.dll
Registered in 0.000961 seconds.
Native extension for WindowsStandalone target not found
Refreshing native plugins compatible for Editor in 63.13 ms, found 3 plugins.
Preloading 0 native plugins for Editor in 0.00 ms.
Mono: successfully reloaded assembly
- Completed reload, in  3.402 seconds
Domain Reload Profiling:
	ReloadAssembly (3403ms)
		BeginReloadAssembly (77ms)
			ExecutionOrderSort (0ms)
			DisableScriptedObjects (0ms)
			BackupInstance (0ms)
			ReleaseScriptingObjects (0ms)
			CreateAndSetChildDomain (1ms)
		EndReloadAssembly (455ms)
			LoadAssemblies (78ms)
			RebuildTransferFunctionScriptingTraits (0ms)
			SetupTypeCache (143ms)
			ReleaseScriptCaches (0ms)
			RebuildScriptCaches (34ms)
			SetupLoadedEditorAssemblies (182ms)
				LogAssemblyErrors (0ms)
				InitializePlatformSupportModulesInManaged (4ms)
				SetLoadedEditorAssemblies (0ms)
				RefreshPlugins (63ms)
				BeforeProcessingInitializeOnLoad (9ms)
				ProcessInitializeOnLoadAttributes (79ms)
				ProcessInitializeOnLoadMethodAttributes (27ms)
				AfterProcessingInitializeOnLoad (0ms)
				EditorAssembliesLoaded (0ms)
			ExecutionOrderSort2 (0ms)
			AwakeInstancesAfterBackupRestoration (0ms)
Platform modules already initialized, skipping
Registering precompiled user dll's ...
Registered in 0.008686 seconds.
Begin MonoManager ReloadAssembly
Native extension for WindowsStandalone target not found
Refreshing native plugins compatible for Editor in 84.49 ms, found 3 plugins.
Preloading 0 native plugins for Editor in 0.00 ms.
Mono: successfully reloaded assembly
- Completed reload, in  1.207 seconds
Domain Reload Profiling:
	ReloadAssembly (1208ms)
		BeginReloadAssembly (153ms)
			ExecutionOrderSort (0ms)
			DisableScriptedObjects (4ms)
			BackupInstance (0ms)
			ReleaseScriptingObjects (0ms)
			CreateAndSetChildDomain (18ms)
		EndReloadAssembly (1000ms)
			LoadAssemblies (126ms)
			RebuildTransferFunctionScriptingTraits (0ms)
			SetupTypeCache (293ms)
			ReleaseScriptCaches (1ms)
			RebuildScriptCaches (48ms)
			SetupLoadedEditorAssemblies (441ms)
				LogAssemblyErrors (0ms)
				InitializePlatformSupportModulesInManaged (3ms)
				SetLoadedEditorAssemblies (0ms)
				RefreshPlugins (85ms)
				BeforeProcessingInitializeOnLoad (75ms)
				ProcessInitializeOnLoadAttributes (230ms)
				ProcessInitializeOnLoadMethodAttributes (46ms)
				AfterProcessingInitializeOnLoad (2ms)
				EditorAssembliesLoaded (0ms)
			ExecutionOrderSort2 (0ms)
			AwakeInstancesAfterBackupRestoration (6ms)
Platform modules already initialized, skipping
========================================================================
Worker process is ready to serve import requests
Launched and connected shader compiler UnityShaderCompiler.exe after 0.06 seconds
Refreshing native plugins compatible for Editor in 0.88 ms, found 3 plugins.
Preloading 0 native plugins for Editor in 0.00 ms.
Unloading 2734 Unused Serialized files (Serialized files now loaded: 0)
System memory in use before: 114.5 MB.
System memory in use after: 114.7 MB.

Unloading 63 unused Assets to reduce memory usage. Loaded Objects now: 3136.
Total: 7.999800 ms (FindLiveObjects: 0.346500 ms CreateObjectMapping: 0.160600 ms MarkObjects: 7.385900 ms  DeleteObjects: 0.104400 ms)

AssetImportParameters requested are different than current active one (requested -> active):
  custom:framework-win-MediaFoundation: 216162199b28c13a410421893ffa2e32 -> 
  custom:video-decoder-ogg-theora: a1e56fd34408186e4bbccfd4996cb3dc -> 
  custom:container-muxer-webm: aa71ff27fc2769a1b78a27578f13a17b -> 
  custom:container-demuxer-webm: 4f35f7cbe854078d1ac9338744f61a02 -> 
  custom:container-demuxer-ogg: 62fdf1f143b41e24485cea50d1cbac27 -> 
  custom:video-encoder-webm-vp8: eb34c28f22e8b96e1ab97ce403110664 -> 
  custom:video-decoder-webm-vp8: 9c59270c3fd7afecdb556c50c9e8de78 -> 
  custom:audio-decoder-ogg-vorbis: bf7c407c2cedff20999df2af8eb42d56 -> 
  custom:audio-encoder-webm-vorbis: bf7c407c2cedff20999df2af8eb42d56 -> 
========================================================================
Received Import Request.
  path: Assets/Resources/sound/titlecall/a/08.mp3
  artifactKey: Guid(83c717062fba8054d9ac6098388f0e35) Importer(815301076,1909f56bfc062723c751e8b465ee728b)
Start importing Assets/Resources/sound/titlecall/a/08.mp3 using Guid(83c717062fba8054d9ac6098388f0e35) Importer(815301076,1909f56bfc062723c751e8b465ee728b)  -> (artifact id: '2490a0d32608bc9a9bf36d07020fdda7') in 0.128303 seconds 
  Import took 0.132923 seconds .

========================================================================
Received Import Request.
  Time since last request: 0.000398 seconds.
  path: Assets/Resources/sound/titlecall/a/02.mp3
  artifactKey: Guid(34e6b084940b8924fb0349ced4199942) Importer(815301076,1909f56bfc062723c751e8b465ee728b)
Start importing Assets/Resources/sound/titlecall/a/02.mp3 using Guid(34e6b084940b8924fb0349ced4199942) Importer(815301076,1909f56bfc062723c751e8b465ee728b)  -> (artifact id: '89f4635f4c01523a40202e8cf0db9240') in 0.013677 seconds 
  Import took 0.017902 seconds .

========================================================================
Received Import Request.
  Time since last request: 0.000352 seconds.
  path: Assets/Resources/sound/titlecall/a/20.mp3
  artifactKey: Guid(244b4622bf6d8a7478fe9ead3a2d5226) Importer(815301076,1909f56bfc062723c751e8b465ee728b)
Start importing Assets/Resources/sound/titlecall/a/20.mp3 using Guid(244b4622bf6d8a7478fe9ead3a2d5226) Importer(815301076,1909f56bfc062723c751e8b465ee728b)  -> (artifact id: '26852f5540c6b76cb312be383107e751') in 0.010608 seconds 
  Import took 0.015173 seconds .

========================================================================
Received Import Request.
  Time since last request: 0.000352 seconds.
  path: Assets/Resources/sound/titlecall/a/13.mp3
  artifactKey: Guid(8ea304e4bda8e05419e750e163c2eb1a) Importer(815301076,1909f56bfc062723c751e8b465ee728b)
Start importing Assets/Resources/sound/titlecall/a/13.mp3 using Guid(8ea304e4bda8e05419e750e163c2eb1a) Importer(815301076,1909f56bfc062723c751e8b465ee728b)  -> (artifact id: '9bcb0f7efa1c1ef9642051d788aa894e') in 0.011576 seconds 
  Import took 0.016245 seconds .

========================================================================
Received Import Request.
  Time since last request: 0.000361 seconds.
  path: Assets/Resources/sound/titlecall/a/37.mp3
  artifactKey: Guid(53aab8cc355f8574e9858903e132956f) Importer(815301076,1909f56bfc062723c751e8b465ee728b)
Start importing Assets/Resources/sound/titlecall/a/37.mp3 using Guid(53aab8cc355f8574e9858903e132956f) Importer(815301076,1909f56bfc062723c751e8b465ee728b)  -> (artifact id: '77ad0ed78a1e6b1e45e54babd809a847') in 0.012477 seconds 
  Import took 0.016677 seconds .

========================================================================
Received Import Request.
  Time since last request: 0.000399 seconds.
  path: Assets/Resources/sound/titlecall/a/10.mp3
  artifactKey: Guid(aea0fa78ead82f4419f093b6d2e02dfd) Importer(815301076,1909f56bfc062723c751e8b465ee728b)
Start importing Assets/Resources/sound/titlecall/a/10.mp3 using Guid(aea0fa78ead82f4419f093b6d2e02dfd) Importer(815301076,1909f56bfc062723c751e8b465ee728b)  -> (artifact id: '09a02ece758386718e99de48c6717833') in 0.012028 seconds 
  Import took 0.016383 seconds .

========================================================================
Received Import Request.
  Time since last request: 0.000291 seconds.
  path: Assets/Resources/sound/titlecall/a/12.mp3
  artifactKey: Guid(529e34ed76b2d7c4f9252546706b3c56) Importer(815301076,1909f56bfc062723c751e8b465ee728b)
Start importing Assets/Resources/sound/titlecall/a/12.mp3 using Guid(529e34ed76b2d7c4f9252546706b3c56) Importer(815301076,1909f56bfc062723c751e8b465ee728b)  -> (artifact id: 'bcc92927aa9424a051d009d6fdbfbfc4') in 0.011142 seconds 
  Import took 0.015415 seconds .

========================================================================
Received Import Request.
  Time since last request: 0.000386 seconds.
  path: Assets/Resources/sound/titlecall/a/03.mp3
  artifactKey: Guid(aaabcd59522e6ac4fa3e3a58c2cb52cc) Importer(815301076,1909f56bfc062723c751e8b465ee728b)
Start importing Assets/Resources/sound/titlecall/a/03.mp3 using Guid(aaabcd59522e6ac4fa3e3a58c2cb52cc) Importer(815301076,1909f56bfc062723c751e8b465ee728b)  -> (artifact id: '028f64bbf9d43dd23cef4483de35716f') in 0.012237 seconds 
  Import took 0.016591 seconds .

========================================================================
Received Import Request.
  Time since last request: 0.000354 seconds.
  path: Assets/Resources/sound/titlecall/a/04.mp3
  artifactKey: Guid(25992b62d679e0d459fad5a20e8dcc48) Importer(815301076,1909f56bfc062723c751e8b465ee728b)
Start importing Assets/Resources/sound/titlecall/a/04.mp3 using Guid(25992b62d679e0d459fad5a20e8dcc48) Importer(815301076,1909f56bfc062723c751e8b465ee728b)  -> (artifact id: 'defae25f283fb82c90dbf27864e88a02') in 0.012613 seconds 
  Import took 0.017454 seconds .

========================================================================
Received Import Request.
  Time since last request: 0.000353 seconds.
  path: Assets/Resources/sound/titlecall/a/15.mp3
  artifactKey: Guid(e151b0952e02a4b41a90a8a0f30bec97) Importer(815301076,1909f56bfc062723c751e8b465ee728b)
Start importing Assets/Resources/sound/titlecall/a/15.mp3 using Guid(e151b0952e02a4b41a90a8a0f30bec97) Importer(815301076,1909f56bfc062723c751e8b465ee728b)  -> (artifact id: '0e237c7cbd408cf1f168dc4df314778a') in 0.010360 seconds 
  Import took 0.015392 seconds .

========================================================================
Received Import Request.
  Time since last request: 0.000289 seconds.
  path: Assets/Resources/sound/titlecall/a/11.mp3
  artifactKey: Guid(0c5253d15e6361b4cb9c86a2a756c63e) Importer(815301076,1909f56bfc062723c751e8b465ee728b)
Start importing Assets/Resources/sound/titlecall/a/11.mp3 using Guid(0c5253d15e6361b4cb9c86a2a756c63e) Importer(815301076,1909f56bfc062723c751e8b465ee728b)  -> (artifact id: '5f805fe65b97e16075b9229e2e347e8d') in 0.011846 seconds 
  Import took 0.016370 seconds .

========================================================================
Received Import Request.
  Time since last request: 0.000275 seconds.
  path: Assets/Resources/sound/titlecall/a/06.mp3
  artifactKey: Guid(be60c844dd1d19048bf6d006a6939bf6) Importer(815301076,1909f56bfc062723c751e8b465ee728b)
Start importing Assets/Resources/sound/titlecall/a/06.mp3 using Guid(be60c844dd1d19048bf6d006a6939bf6) Importer(815301076,1909f56bfc062723c751e8b465ee728b)  -> (artifact id: '5cd4474b66fbc918f2bc9ef4096b1856') in 0.012082 seconds 
  Import took 0.016361 seconds .

========================================================================
Received Import Request.
  Time since last request: 0.000293 seconds.
  path: Assets/Resources/sound/titlecall/a/16.mp3
  artifactKey: Guid(333d1b48735ccd545a913104e45cff3b) Importer(815301076,1909f56bfc062723c751e8b465ee728b)
Start importing Assets/Resources/sound/titlecall/a/16.mp3 using Guid(333d1b48735ccd545a913104e45cff3b) Importer(815301076,1909f56bfc062723c751e8b465ee728b)  -> (artifact id: '8e209391ed1a9f0743bfeb9f8241fec3') in 0.012264 seconds 
  Import took 0.016699 seconds .

========================================================================
Received Import Request.
  Time since last request: 0.000319 seconds.
  path: Assets/Resources/sound/titlecall/a/01.mp3
  artifactKey: Guid(a1f80ccb1d933294485614cca269a433) Importer(815301076,1909f56bfc062723c751e8b465ee728b)
Start importing Assets/Resources/sound/titlecall/a/01.mp3 using Guid(a1f80ccb1d933294485614cca269a433) Importer(815301076,1909f56bfc062723c751e8b465ee728b)  -> (artifact id: '7a0670ff6f36e5f0b1520136d7ff4026') in 0.012304 seconds 
  Import took 0.016551 seconds .

========================================================================
Received Import Request.
  Time since last request: 0.000291 seconds.
  path: Assets/Resources/sound/titlecall/a/07.mp3
  artifactKey: Guid(15f6704d68613c24d93491fa8e4bc372) Importer(815301076,1909f56bfc062723c751e8b465ee728b)
Start importing Assets/Resources/sound/titlecall/a/07.mp3 using Guid(15f6704d68613c24d93491fa8e4bc372) Importer(815301076,1909f56bfc062723c751e8b465ee728b)  -> (artifact id: '66593b1eb8efc588b11c44ecd38d27a2') in 0.008620 seconds 
  Import took 0.012812 seconds .

========================================================================
Received Import Request.
  Time since last request: 0.000310 seconds.
  path: Assets/Resources/sound/titlecall/a/14.mp3
  artifactKey: Guid(b2a086aa675fe754d838a1886278de98) Importer(815301076,1909f56bfc062723c751e8b465ee728b)
Start importing Assets/Resources/sound/titlecall/a/14.mp3 using Guid(b2a086aa675fe754d838a1886278de98) Importer(815301076,1909f56bfc062723c751e8b465ee728b)  -> (artifact id: '79253eaf476316e406a4baf8198c6ff7') in 0.007575 seconds 
  Import took 0.011938 seconds .

========================================================================
Received Import Request.
  Time since last request: 0.000325 seconds.
  path: Assets/Resources/sound/titlecall/a/18.mp3
  artifactKey: Guid(f4c6df23859f1934b92a1c620ca28345) Importer(815301076,1909f56bfc062723c751e8b465ee728b)
Start importing Assets/Resources/sound/titlecall/a/18.mp3 using Guid(f4c6df23859f1934b92a1c620ca28345) Importer(815301076,1909f56bfc062723c751e8b465ee728b)  -> (artifact id: 'e79122cc038f963168924785de91f0de') in 0.008129 seconds 
  Import took 0.012489 seconds .

========================================================================
Received Import Request.
  Time since last request: 0.000301 seconds.
  path: Assets/Resources/sound/titlecall/a/19.mp3
  artifactKey: Guid(a5dc81fbacfc0dc4db4cdaa8e222f1e2) Importer(815301076,1909f56bfc062723c751e8b465ee728b)
Start importing Assets/Resources/sound/titlecall/a/19.mp3 using Guid(a5dc81fbacfc0dc4db4cdaa8e222f1e2) Importer(815301076,1909f56bfc062723c751e8b465ee728b)  -> (artifact id: '2c145b4c46ac6cd7e0c9732c1fdff902') in 0.007222 seconds 
  Import took 0.011527 seconds .

========================================================================
Received Import Request.
  Time since last request: 0.000375 seconds.
  path: Assets/Resources/sound/titlecall/a/26.mp3
  artifactKey: Guid(426c336afe8433446ae3de006d1f7686) Importer(815301076,1909f56bfc062723c751e8b465ee728b)
Start importing Assets/Resources/sound/titlecall/a/26.mp3 using Guid(426c336afe8433446ae3de006d1f7686) Importer(815301076,1909f56bfc062723c751e8b465ee728b)  -> (artifact id: '11cf4d3a93c8ecfc48f077df18f60427') in 0.007610 seconds 
  Import took 0.012280 seconds .

========================================================================
Received Import Request.
  Time since last request: 0.000281 seconds.
  path: Assets/Resources/sound/titlecall/a/05.mp3
  artifactKey: Guid(f0b203aca183e77428ea4533350c053b) Importer(815301076,1909f56bfc062723c751e8b465ee728b)
Start importing Assets/Resources/sound/titlecall/a/05.mp3 using Guid(f0b203aca183e77428ea4533350c053b) Importer(815301076,1909f56bfc062723c751e8b465ee728b)  -> (artifact id: '0a93b69ea8649ef3e685a95abb36e9b9') in 0.008334 seconds 
  Import took 0.012649 seconds .

========================================================================
Received Import Request.
  Time since last request: 0.000292 seconds.
  path: Assets/Resources/sound/titlecall/a/24.mp3
  artifactKey: Guid(83ff1a175668488489ab403392dfe837) Importer(815301076,1909f56bfc062723c751e8b465ee728b)
Start importing Assets/Resources/sound/titlecall/a/24.mp3 using Guid(83ff1a175668488489ab403392dfe837) Importer(815301076,1909f56bfc062723c751e8b465ee728b)  -> (artifact id: '959c9cbd0bee748bfd5bca12aa8dea66') in 0.007669 seconds 
  Import took 0.012126 seconds .

========================================================================
Received Import Request.
  Time since last request: 0.000340 seconds.
  path: Assets/Resources/sound/titlecall/a/09.mp3
  artifactKey: Guid(2664be594c3a069479e33567f7a7e00d) Importer(815301076,1909f56bfc062723c751e8b465ee728b)
Start importing Assets/Resources/sound/titlecall/a/09.mp3 using Guid(2664be594c3a069479e33567f7a7e00d) Importer(815301076,1909f56bfc062723c751e8b465ee728b)  -> (artifact id: '965b263813584fa382fba59b0be16e9a') in 0.007852 seconds 
  Import took 0.012453 seconds .

========================================================================
Received Import Request.
  Time since last request: 0.000460 seconds.
  path: Assets/Resources/sound/titlecall/a/17.mp3
  artifactKey: Guid(684f651e8cc1df4428cb9b7e40c1093d) Importer(815301076,1909f56bfc062723c751e8b465ee728b)
Start importing Assets/Resources/sound/titlecall/a/17.mp3 using Guid(684f651e8cc1df4428cb9b7e40c1093d) Importer(815301076,1909f56bfc062723c751e8b465ee728b)  -> (artifact id: 'efbfd5c76ec68654461c0ad6e2ac7f51') in 0.007572 seconds 
  Import took 0.011923 seconds .

========================================================================
Received Import Request.
  Time since last request: 69.147698 seconds.
  path: Assets/Resources/img/title/title_logo.png
  artifactKey: Guid(61b5912ae761ca747810493611d77370) Importer(815301076,1909f56bfc062723c751e8b465ee728b)
Start importing Assets/Resources/img/title/title_logo.png using Guid(61b5912ae761ca747810493611d77370) Importer(815301076,1909f56bfc062723c751e8b465ee728b)  -> (artifact id: '0af0a5660b205d4cee0fb987414a8b2b') in 0.041955 seconds 
  Import took 0.046530 seconds .

========================================================================
Received Import Request.
  Time since last request: 32.615665 seconds.
  path: Assets/Resources/img/title/title_main.png
  artifactKey: Guid(8d52703309706544a8f83f3e3dc6da21) Importer(815301076,1909f56bfc062723c751e8b465ee728b)
Start importing Assets/Resources/img/title/title_main.png using Guid(8d52703309706544a8f83f3e3dc6da21) Importer(815301076,1909f56bfc062723c751e8b465ee728b)  -> (artifact id: '67e5d1ffc1c77d804fcc5744b8162bfe') in 0.070275 seconds 
  Import took 0.074763 seconds .

========================================================================
Received Prepare
Registering precompiled user dll's ...
Registered in 0.012420 seconds.
Begin MonoManager ReloadAssembly
Native extension for WindowsStandalone target not found
Refreshing native plugins compatible for Editor in 0.95 ms, found 3 plugins.
Preloading 0 native plugins for Editor in 0.00 ms.
Mono: successfully reloaded assembly
- Completed reload, in  1.243 seconds
Domain Reload Profiling:
	ReloadAssembly (1243ms)
		BeginReloadAssembly (147ms)
			ExecutionOrderSort (0ms)
			DisableScriptedObjects (6ms)
			BackupInstance (0ms)
			ReleaseScriptingObjects (0ms)
			CreateAndSetChildDomain (42ms)
		EndReloadAssembly (1040ms)
			LoadAssemblies (136ms)
			RebuildTransferFunctionScriptingTraits (0ms)
			SetupTypeCache (379ms)
			ReleaseScriptCaches (2ms)
			RebuildScriptCaches (62ms)
			SetupLoadedEditorAssemblies (376ms)
				LogAssemblyErrors (0ms)
				InitializePlatformSupportModulesInManaged (4ms)
				SetLoadedEditorAssemblies (0ms)
				RefreshPlugins (1ms)
				BeforeProcessingInitializeOnLoad (64ms)
				ProcessInitializeOnLoadAttributes (267ms)
				ProcessInitializeOnLoadMethodAttributes (37ms)
				AfterProcessingInitializeOnLoad (2ms)
				EditorAssembliesLoaded (0ms)
			ExecutionOrderSort2 (0ms)
			AwakeInstancesAfterBackupRestoration (9ms)
Platform modules already initialized, skipping
Refreshing native plugins compatible for Editor in 1.42 ms, found 3 plugins.
Preloading 0 native plugins for Editor in 0.00 ms.
Unloading 2722 Unused Serialized files (Serialized files now loaded: 0)
System memory in use before: 117.0 MB.
System memory in use after: 117.3 MB.

Unloading 52 unused Assets to reduce memory usage. Loaded Objects now: 3160.
Total: 9.562900 ms (FindLiveObjects: 0.293000 ms CreateObjectMapping: 0.089800 ms MarkObjects: 9.120100 ms  DeleteObjects: 0.057700 ms)

AssetImportParameters requested are different than current active one (requested -> active):
  custom:framework-win-MediaFoundation: 216162199b28c13a410421893ffa2e32 -> 
  custom:video-decoder-ogg-theora: a1e56fd34408186e4bbccfd4996cb3dc -> 
  custom:container-muxer-webm: aa71ff27fc2769a1b78a27578f13a17b -> 
  custom:container-demuxer-webm: 4f35f7cbe854078d1ac9338744f61a02 -> 
  custom:container-demuxer-ogg: 62fdf1f143b41e24485cea50d1cbac27 -> 
  custom:video-encoder-webm-vp8: eb34c28f22e8b96e1ab97ce403110664 -> 
  custom:video-decoder-webm-vp8: 9c59270c3fd7afecdb556c50c9e8de78 -> 
  custom:audio-decoder-ogg-vorbis: bf7c407c2cedff20999df2af8eb42d56 -> 
  custom:audio-encoder-webm-vorbis: bf7c407c2cedff20999df2af8eb42d56 -> 
========================================================================
Received Prepare
Refreshing native plugins compatible for Editor in 12.28 ms, found 3 plugins.
Preloading 0 native plugins for Editor in 0.00 ms.
Unloading 50 Unused Serialized files (Serialized files now loaded: 0)
System memory in use before: 64.3 MB.
System memory in use after: 64.6 MB.

Unloading 50 unused Assets to reduce memory usage. Loaded Objects now: 3160.
Total: 8.540600 ms (FindLiveObjects: 0.279300 ms CreateObjectMapping: 0.080500 ms MarkObjects: 8.104900 ms  DeleteObjects: 0.073500 ms)

AssetImportParameters requested are different than current active one (requested -> active):
  custom:framework-win-MediaFoundation: 216162199b28c13a410421893ffa2e32 -> 
  custom:video-decoder-ogg-theora: a1e56fd34408186e4bbccfd4996cb3dc -> 
  custom:container-muxer-webm: aa71ff27fc2769a1b78a27578f13a17b -> 
  custom:container-demuxer-webm: 4f35f7cbe854078d1ac9338744f61a02 -> 
  custom:container-demuxer-ogg: 62fdf1f143b41e24485cea50d1cbac27 -> 
  custom:video-encoder-webm-vp8: eb34c28f22e8b96e1ab97ce403110664 -> 
  custom:video-decoder-webm-vp8: 9c59270c3fd7afecdb556c50c9e8de78 -> 
  custom:audio-decoder-ogg-vorbis: bf7c407c2cedff20999df2af8eb42d56 -> 
  custom:audio-encoder-webm-vorbis: bf7c407c2cedff20999df2af8eb42d56 -> 
========================================================================
Received Import Request.
  Time since last request: 10508.477064 seconds.
  path: Assets/Resources/font
  artifactKey: Guid(6ce4e779cf35ff744b234141eacde9d1) Importer(815301076,1909f56bfc062723c751e8b465ee728b)
Start importing Assets/Resources/font using Guid(6ce4e779cf35ff744b234141eacde9d1) Importer(815301076,1909f56bfc062723c751e8b465ee728b)  -> (artifact id: '698e801630c683ee9d5b4a4a0bb8dad9') in 0.091734 seconds 
  Import took 0.169433 seconds .

========================================================================
Received Prepare
Registering precompiled user dll's ...
Registered in 0.010409 seconds.
Begin MonoManager ReloadAssembly
Native extension for WindowsStandalone target not found
Refreshing native plugins compatible for Editor in 0.96 ms, found 3 plugins.
Preloading 0 native plugins for Editor in 0.00 ms.
Mono: successfully reloaded assembly
- Completed reload, in  1.219 seconds
Domain Reload Profiling:
	ReloadAssembly (1223ms)
		BeginReloadAssembly (232ms)
			ExecutionOrderSort (0ms)
			DisableScriptedObjects (15ms)
			BackupInstance (0ms)
			ReleaseScriptingObjects (0ms)
			CreateAndSetChildDomain (102ms)
		EndReloadAssembly (922ms)
			LoadAssemblies (140ms)
			RebuildTransferFunctionScriptingTraits (0ms)
			SetupTypeCache (305ms)
			ReleaseScriptCaches (1ms)
			RebuildScriptCaches (41ms)
			SetupLoadedEditorAssemblies (363ms)
				LogAssemblyErrors (0ms)
				InitializePlatformSupportModulesInManaged (5ms)
				SetLoadedEditorAssemblies (1ms)
				RefreshPlugins (1ms)
				BeforeProcessingInitializeOnLoad (66ms)
				ProcessInitializeOnLoadAttributes (245ms)
				ProcessInitializeOnLoadMethodAttributes (43ms)
				AfterProcessingInitializeOnLoad (2ms)
				EditorAssembliesLoaded (0ms)
			ExecutionOrderSort2 (0ms)
			AwakeInstancesAfterBackupRestoration (9ms)
Platform modules already initialized, skipping
Refreshing native plugins compatible for Editor in 1.00 ms, found 3 plugins.
Preloading 0 native plugins for Editor in 0.00 ms.
Unloading 2722 Unused Serialized files (Serialized files now loaded: 0)
System memory in use before: 117.1 MB.
System memory in use after: 117.3 MB.

Unloading 52 unused Assets to reduce memory usage. Loaded Objects now: 3162.
Total: 8.633600 ms (FindLiveObjects: 0.477200 ms CreateObjectMapping: 0.153800 ms MarkObjects: 7.950000 ms  DeleteObjects: 0.050800 ms)

AssetImportParameters requested are different than current active one (requested -> active):
  custom:framework-win-MediaFoundation: 216162199b28c13a410421893ffa2e32 -> 
  custom:video-decoder-ogg-theora: a1e56fd34408186e4bbccfd4996cb3dc -> 
  custom:container-muxer-webm: aa71ff27fc2769a1b78a27578f13a17b -> 
  custom:container-demuxer-webm: 4f35f7cbe854078d1ac9338744f61a02 -> 
  custom:container-demuxer-ogg: 62fdf1f143b41e24485cea50d1cbac27 -> 
  custom:video-encoder-webm-vp8: eb34c28f22e8b96e1ab97ce403110664 -> 
  custom:video-decoder-webm-vp8: 9c59270c3fd7afecdb556c50c9e8de78 -> 
  custom:audio-decoder-ogg-vorbis: bf7c407c2cedff20999df2af8eb42d56 -> 
  custom:audio-encoder-webm-vorbis: bf7c407c2cedff20999df2af8eb42d56 -> 
========================================================================
Received Import Request.
  Time since last request: 32.462360 seconds.
  path: Assets/Resources/Script/Scenes/Fadebutton.cs
  artifactKey: Guid(dfb84e6479b29a042b0d3b82de2b4b99) Importer(815301076,1909f56bfc062723c751e8b465ee728b)
Start importing Assets/Resources/Script/Scenes/Fadebutton.cs using Guid(dfb84e6479b29a042b0d3b82de2b4b99) Importer(815301076,1909f56bfc062723c751e8b465ee728b)  -> (artifact id: '4add869892fbd8dec05d64292bf183c3') in 0.014609 seconds 
  Import took 0.020152 seconds .

AssetImportWorkerClient::OnTransportError - code=2 error=End of file
